app/build/outputs/mapping/release/seeds.txt
com.codeevery.zzudingding.AboutMe
com.codeevery.zzudingding.AboutMe: AboutMe()
com.codeevery.zzudingding.FeedBack
com.codeevery.zzudingding.FeedBack: FeedBack()
com.codeevery.zzudingding.MainActivity
com.codeevery.zzudingding.MainActivity: MainActivity()
com.codeevery.zzudingding.R$anim: int abc_fade_in
com.codeevery.zzudingding.R$anim: int abc_fade_out
com.codeevery.zzudingding.R$anim: int abc_grow_fade_in_from_bottom
com.codeevery.zzudingding.R$anim: int abc_popup_enter
com.codeevery.zzudingding.R$anim: int abc_popup_exit
com.codeevery.zzudingding.R$anim: int abc_shrink_fade_out_from_bottom
com.codeevery.zzudingding.R$anim: int abc_slide_in_bottom
com.codeevery.zzudingding.R$anim: int abc_slide_in_top
com.codeevery.zzudingding.R$anim: int abc_slide_out_bottom
com.codeevery.zzudingding.R$anim: int abc_slide_out_top
com.codeevery.zzudingding.R$anim: int book_search
com.codeevery.zzudingding.R$anim: int book_search_anim
com.codeevery.zzudingding.R$anim: int news_anim
com.codeevery.zzudingding.R$anim: int news_search_anim
com.codeevery.zzudingding.R$anim: int refreshrotate
com.codeevery.zzudingding.R$array: int spinner_week
com.codeevery.zzudingding.R$array: int sqinner_class
com.codeevery.zzudingding.R$attr: int actionBarDivider
com.codeevery.zzudingding.R$attr: int actionBarItemBackground
com.codeevery.zzudingding.R$attr: int actionBarPopupTheme
com.codeevery.zzudingding.R$attr: int actionBarSize
com.codeevery.zzudingding.R$attr: int actionBarSplitStyle
com.codeevery.zzudingding.R$attr: int actionBarStyle
com.codeevery.zzudingding.R$attr: int actionBarTabBarStyle
com.codeevery.zzudingding.R$attr: int actionBarTabStyle
com.codeevery.zzudingding.R$attr: int actionBarTabTextStyle
com.codeevery.zzudingding.R$attr: int actionBarTheme
com.codeevery.zzudingding.R$attr: int actionBarWidgetTheme
com.codeevery.zzudingding.R$attr: int actionButtonStyle
com.codeevery.zzudingding.R$attr: int actionDropDownStyle
com.codeevery.zzudingding.R$attr: int actionLayout
com.codeevery.zzudingding.R$attr: int actionMenuTextAppearance
com.codeevery.zzudingding.R$attr: int actionMenuTextColor
com.codeevery.zzudingding.R$attr: int actionModeBackground
com.codeevery.zzudingding.R$attr: int actionModeCloseButtonStyle
com.codeevery.zzudingding.R$attr: int actionModeCloseDrawable
com.codeevery.zzudingding.R$attr: int actionModeCopyDrawable
com.codeevery.zzudingding.R$attr: int actionModeCutDrawable
com.codeevery.zzudingding.R$attr: int actionModeFindDrawable
com.codeevery.zzudingding.R$attr: int actionModePasteDrawable
com.codeevery.zzudingding.R$attr: int actionModePopupWindowStyle
com.codeevery.zzudingding.R$attr: int actionModeSelectAllDrawable
com.codeevery.zzudingding.R$bool: int abc_action_bar_embed_tabs
com.codeevery.zzudingding.R$bool: int abc_action_bar_embed_tabs_pre_jb
com.codeevery.zzudingding.R$bool: int abc_action_bar_expanded_action_views_exclusive
com.codeevery.zzudingding.R$bool: int abc_config_actionMenuItemAllCaps
com.codeevery.zzudingding.R$bool: int abc_config_allowActionMenuItemTextWithIcon
com.codeevery.zzudingding.R$bool: int abc_config_closeDialogWhenTouchOutside
com.codeevery.zzudingding.R$bool: int abc_config_showMenuShortcutsWhenKeyboardPresent
...
android.support.v4.media.MediaDescriptionCompat
android.support.v4.media.MediaDescriptionCompat: android.os.Parcelable$Creator CREATOR
android.support.v4.media.MediaMetadataCompat
android.support.v4.media.MediaMetadataCompat: android.os.Parcelable$Creator CREATOR
android.support.v4.media.RatingCompat
android.support.v4.media.RatingCompat: android.os.Parcelable$Creator CREATOR
android.support.v4.media.session.MediaSessionCompat$QueueItem
android.support.v4.media.session.MediaSessionCompat$QueueItem: android.os.Parcelable$Creator CREATOR
android.support.v4.media.session.MediaSessionCompat$ResultReceiverWrapper
android.support.v4.media.session.MediaSessionCompat$ResultReceiverWrapper: android.os.Parcelable$Creator CREATOR
android.support.v4.media.session.MediaSessionCompat$Token
android.support.v4.media.session.MediaSessionCompat$Token: android.os.Parcelable$Creator CREATOR
android.support.v4.media.session.ParcelableVolumeInfo
android.support.v4.media.session.ParcelableVolumeInfo: android.os.Parcelable$Creator CREATOR
android.support.v4.media.session.PlaybackStateCompat
android.support.v4.media.session.PlaybackStateCompat: android.os.Parcelable$Creator CREATOR
android.support.v4.media.session.PlaybackStateCompat$CustomAction
android.support.v4.media.session.PlaybackStateCompat$CustomAction: android.os.Parcelable$Creator CREATOR
android.support.v4.view.PagerTabStrip: void setTabIndicatorColor(int)
android.support.v4.view.PagerTabStrip: void setTabIndicatorColorResource(int)
android.support.v4.view.PagerTabStrip: int getTabIndicatorColor()
android.support.v4.view.PagerTabStrip: void setTextSpacing(int)
android.support.v4.view.PagerTabStrip: void setBackgroundDrawable(android.graphics.drawable.Drawable)
android.support.v4.view.PagerTabStrip: void setBackgroundColor(int)
android.support.v4.view.PagerTabStrip: void setBackgroundResource(int)
android.support.v4.view.PagerTabStrip: void setDrawFullUnderline(boolean)
android.support.v4.view.PagerTabStrip: boolean getDrawFullUnderline()
android.support.v4.view.PagerTabStrip: int getMinHeight()
android.support.v4.view.PagerTitleStrip: void setSingleLineAllCaps(android.widget.TextView)
android.support.v4.view.PagerTitleStrip: void setTextSpacing(int)
android.support.v4.view.PagerTitleStrip: int getTextSpacing()
android.support.v4.view.PagerTitleStrip: void setNonPrimaryAlpha(float)
android.support.v4.view.PagerTitleStrip: void setTextColor(int)
android.support.v4.view.PagerTitleStrip: void setGravity(int)
android.support.v4.view.PagerTitleStrip: int getMinHeight()
android.support.v4.view.ViewPager
android.support.v4.view.ViewPager: ViewPager(android.content.Context)
android.support.v4.view.ViewPager: ViewPager(android.content.Context,android.util.AttributeSet)
android.support.v4.view.ViewPager: void setScrollState(int)
android.support.v4.view.ViewPager: void setAdapter(android.support.v4.view.PagerAdapter)
android.support.v4.view.ViewPager: android.support.v4.view.PagerAdapter getAdapter()
android.support.v4.view.ViewPager: void setOnAdapterChangeListener(android.support.v4.view.ViewPager$OnAdapterChangeListener)
android.support.v4.view.ViewPager: int getClientWidth()
android.support.v4.view.ViewPager: void setCurrentItem(int)
android.support.v4.view.ViewPager: int getCurrentItem()
android.support.v4.view.ViewPager: void setOnPageChangeListener(android.support.v4.view.ViewPager$OnPageChangeListener)
android.support.v4.view.ViewPager: void setChildrenDrawingOrderEnabledCompat(boolean)
android.support.v4.view.ViewPager: int getOffscreenPageLimit()
android.support.v4.view.ViewPager: void setOffscreenPageLimit(int)
android.support.v4.view.ViewPager: void setPageMargin(int)
android.support.v4.view.ViewPager: int getPageMargin()
android.support.v4.view.ViewPager: void setPageMarginDrawable(android.graphics.drawable.Drawable)
android.support.v4.view.ViewPager: void setPageMarginDrawable(int)
android.support.v4.view.ViewPager: void setScrollingCacheEnabled(boolean)