app/build/outputs/mapping/release/mapping.txt
com.codeevery.zzudingding.AboutMe -> com.codeevery.zzudingding.AboutMe:
    android.widget.RelativeLayout relativeLayout -> a
    android.widget.ImageButton back -> b
    void onCreate(android.os.Bundle) -> onCreate
com.codeevery.zzudingding.AboutMe$1 -> com.codeevery.zzudingding.a:
    com.codeevery.zzudingding.AboutMe this$0 -> a
    void onClick(android.view.View) -> onClick
com.codeevery.zzudingding.BookAdapter -> com.codeevery.zzudingding.b:
    android.content.Context context -> a
    android.view.LayoutInflater minflater -> b
    com.codeevery.NetGetPost.getPhoto getPhotos -> c
    java.util.List titleTextList -> d
    int pageNum -> e
    void setArrayAndNum(java.util.List,int) -> a
    int getCount() -> getCount
    java.lang.Object getItem(int) -> getItem
    long getItemId(int) -> getItemId
    android.view.View getView(int,android.view.View,android.view.ViewGroup) -> getView
com.codeevery.zzudingding.BookAdapter$ViewHolder -> com.codeevery.zzudingding.c:
    android.widget.TextView[] oneTextView -> a
com.codeevery.zzudingding.FeedBack -> com.codeevery.zzudingding.FeedBack:
    android.widget.EditText content -> a
    android.widget.Button submit -> b
    com.codeevery.myElement.myDialog dialog -> c
    com.codeevery.application.AllObject setting -> d
    android.widget.TextView title -> e
    android.widget.ImageButton back -> f
    void onCreate(android.os.Bundle) -> onCreate
com.codeevery.zzudingding.FeedBack$1 -> com.codeevery.zzudingding.d:
    com.codeevery.zzudingding.FeedBack this$0 -> a
    void onClick(android.view.View) -> onClick
com.codeevery.zzudingding.FeedBack$2 -> com.codeevery.zzudingding.e:
    com.codeevery.zzudingding.FeedBack this$0 -> a
    void onClick(android.view.View) -> onClick
com.codeevery.zzudingding.FeedBack$Task -> com.codeevery.zzudingding.f:
    com.codeevery.myElement.myDialog dialog -> a
    com.codeevery.zzudingding.FeedBack this$0 -> b
    java.lang.Object doInBackground(java.lang.Object[]) -> doInBackground
    void onPostExecute(java.lang.Object) -> onPostExecute
com.codeevery.zzudingding.MainActivity -> com.codeevery.zzudingding.MainActivity:
    com.codeevery.zzudingding.MainActivity$SectionsPagerAdapter mSectionsPagerAdapter -> b
    android.support.v4.view.ViewPager mViewPager -> c
    com.codeevery.application.AllObject setting -> d
    com.codeevery.NetGetPost.GetInternetState getInternetState -> e
    android.support.v7.app.ActionBar actionBar -> a
    long lastTime -> f
    void onCreate(android.os.Bundle) -> onCreate
    void getSetInfo() -> a
    boolean onOptionsItemSelected(android.view.MenuItem) -> onOptionsItemSelected
    void onTabSelected(android.support.v7.app.ActionBar$Tab,android.support.v4.app.FragmentTransaction) -> onTabSelected
    void onTabUnselected(android.support.v7.app.ActionBar$Tab,android.support.v4.app.FragmentTransaction) -> onTabUnselected
    void onTabReselected(android.support.v7.app.ActionBar$Tab,android.support.v4.app.FragmentTransaction) -> onTabReselected
    void onBackPressed() -> onBackPressed
    void showFinishToast() -> b
    void onResume() -> onResume
    android.graphics.Bitmap readPhotoFromFile(java.lang.String) -> a
    com.codeevery.application.AllObject access$000(com.codeevery.zzudingding.MainActivity) -> a
com.codeevery.zzudingding.MainActivity$1 -> com.codeevery.zzudingding.g:
    com.codeevery.zzudingding.MainActivity this$0 -> a
    void onPageSelected(int) -> onPageSelected
com.codeevery.zzudingding.MainActivity$2 -> com.codeevery.zzudingding.h:
    com.codeevery.zzudingding.MainActivity this$0 -> a
    void onSuccess(org.eclipse.paho.client.mqttv3.IMqttToken) -> onSuccess
    void onFailure(org.eclipse.paho.client.mqttv3.IMqttToken,java.lang.Throwable) -> onFailure
com.codeevery.zzudingding.MainActivity$PlaceholderFragment -> com.codeevery.zzudingding.MainActivity$PlaceholderFragment:
    android.view.View onCreateView(android.view.LayoutInflater,android.view.ViewGroup,android.os.Bundle) -> onCreateView
...
org.jsoup.safety.Whitelist -> org.jsoup.safety.Whitelist:
    java.util.Set tagNames -> tagNames
    java.util.Map attributes -> attributes
    java.util.Map enforcedAttributes -> enforcedAttributes
    java.util.Map protocols -> protocols
    boolean preserveRelativeLinks -> preserveRelativeLinks
    org.jsoup.safety.Whitelist none() -> none
    org.jsoup.safety.Whitelist simpleText() -> simpleText
    org.jsoup.safety.Whitelist basic() -> basic
    org.jsoup.safety.Whitelist basicWithImages() -> basicWithImages
    org.jsoup.safety.Whitelist relaxed() -> relaxed
    org.jsoup.safety.Whitelist addTags(java.lang.String[]) -> addTags
    org.jsoup.safety.Whitelist removeTags(java.lang.String[]) -> removeTags
    org.jsoup.safety.Whitelist addAttributes(java.lang.String,java.lang.String[]) -> addAttributes
    org.jsoup.safety.Whitelist removeAttributes(java.lang.String,java.lang.String[]) -> removeAttributes
    org.jsoup.safety.Whitelist addEnforcedAttribute(java.lang.String,java.lang.String,java.lang.String) -> addEnforcedAttribute
    org.jsoup.safety.Whitelist removeEnforcedAttribute(java.lang.String,java.lang.String) -> removeEnforcedAttribute
    org.jsoup.safety.Whitelist preserveRelativeLinks(boolean) -> preserveRelativeLinks
    org.jsoup.safety.Whitelist addProtocols(java.lang.String,java.lang.String,java.lang.String[]) -> addProtocols
    org.jsoup.safety.Whitelist removeProtocols(java.lang.String,java.lang.String,java.lang.String[]) -> removeProtocols
org.jsoup.safety.Whitelist$AttributeKey -> org.jsoup.safety.Whitelist$AttributeKey:
    org.jsoup.safety.Whitelist$AttributeKey valueOf(java.lang.String) -> valueOf
org.jsoup.safety.Whitelist$AttributeValue -> org.jsoup.safety.Whitelist$AttributeValue:
    org.jsoup.safety.Whitelist$AttributeValue valueOf(java.lang.String) -> valueOf
org.jsoup.safety.Whitelist$Protocol -> org.jsoup.safety.Whitelist$Protocol:
    org.jsoup.safety.Whitelist$Protocol valueOf(java.lang.String) -> valueOf
org.jsoup.safety.Whitelist$TagName -> org.jsoup.safety.Whitelist$TagName:
    org.jsoup.safety.Whitelist$TagName valueOf(java.lang.String) -> valueOf
org.jsoup.safety.Whitelist$TypedValue -> org.jsoup.safety.Whitelist$TypedValue:
    java.lang.String value -> value
    int hashCode() -> hashCode
    boolean equals(java.lang.Object) -> equals
    java.lang.String toString() -> toString
org.jsoup.select.Collector -> org.jsoup.select.Collector:
    org.jsoup.select.Elements collect(org.jsoup.select.Evaluator,org.jsoup.nodes.Element) -> collect
org.jsoup.select.Collector$Accumulator -> org.jsoup.select.Collector$Accumulator:
    org.jsoup.nodes.Element root -> root
    org.jsoup.select.Elements elements -> elements
    org.jsoup.select.Evaluator eval -> eval
    void head(org.jsoup.nodes.Node,int) -> head
    void tail(org.jsoup.nodes.Node,int) -> tail
org.jsoup.select.CombiningEvaluator -> org.jsoup.select.CombiningEvaluator:
    java.util.ArrayList evaluators -> evaluators
    int num -> num
    org.jsoup.select.Evaluator rightMostEvaluator() -> rightMostEvaluator
    void replaceRightMostEvaluator(org.jsoup.select.Evaluator) -> replaceRightMostEvaluator
    void updateNumEvaluators() -> updateNumEvaluators
org.jsoup.select.CombiningEvaluator$And -> org.jsoup.select.CombiningEvaluator$And:
    boolean matches(org.jsoup.nodes.Element,org.jsoup.nodes.Element) -> matches
    java.lang.String toString() -> toString
org.jsoup.select.CombiningEvaluator$Or -> org.jsoup.select.CombiningEvaluator$Or:
    void add(org.jsoup.select.Evaluator) -> add
    boolean matches(org.jsoup.nodes.Element,org.jsoup.nodes.Element) -> matches
    java.lang.String toString() -> toString