app/build/outputs/mapping/release/usage.txt
com.codeevery.zzudingding.BuildConfig
com.codeevery.zzudingding.MainActivity$PlaceholderFragment
com.codeevery.zzudingding.R
com.codeevery.zzudingding.R$anim
com.codeevery.zzudingding.R$array
com.codeevery.zzudingding.R$attr
com.codeevery.zzudingding.R$bool
com.codeevery.zzudingding.R$color
com.codeevery.zzudingding.R$dimen
com.codeevery.zzudingding.R$drawable
com.codeevery.zzudingding.R$id
com.codeevery.zzudingding.R$integer
com.codeevery.zzudingding.R$layout
com.codeevery.zzudingding.R$menu
com.codeevery.zzudingding.R$mipmap
com.codeevery.zzudingding.R$string
com.codeevery.zzudingding.R$style
com.codeevery.zzudingding.R$styleable
com.codeevery.zzudingding.SearchResultActivity:
    private android.widget.LinearLayout linearLayout
...
android.support.v4.widget.SlidingPaneLayout$DragHelperCallback
android.support.v4.widget.SlidingPaneLayout$LayoutParams:
    1400:1421:public SlidingPaneLayout$LayoutParams(int,int)
    1400:1434:public SlidingPaneLayout$LayoutParams(android.support.v4.widget.SlidingPaneLayout$LayoutParams)
android.support.v4.widget.SlidingPaneLayout$PanelSlideListener:
    public abstract void onPanelSlide(android.view.View,float)
    public abstract void onPanelOpened(android.view.View)
    public abstract void onPanelClosed(android.view.View)
android.support.v4.widget.SlidingPaneLayout$SimplePanelSlideListener
android.support.v4.widget.SwipeProgressBar
android.support.v4.widget.SwipeRefreshLayout
android.support.v4.widget.SwipeRefreshLayout$1
android.support.v4.widget.SwipeRefreshLayout$2
android.support.v4.widget.SwipeRefreshLayout$3
android.support.v4.widget.SwipeRefreshLayout$4
android.support.v4.widget.SwipeRefreshLayout$5
android.support.v4.widget.SwipeRefreshLayout$6
android.support.v4.widget.SwipeRefreshLayout$7
android.support.v4.widget.SwipeRefreshLayout$8
android.support.v4.widget.SwipeRefreshLayout$OnRefreshListener
android.support.v4.widget.TextViewCompat
android.support.v4.widget.TextViewCompat$BaseTextViewCompatImpl
android.support.v4.widget.TextViewCompat$JbMr1TextViewCompatImpl
android.support.v4.widget.TextViewCompat$JbMr2TextViewCompatImpl
android.support.v4.widget.TextViewCompat$TextViewCompatImpl
android.support.v4.widget.TextViewCompatJbMr1
android.support.v4.widget.TextViewCompatJbMr2
android.support.v4.widget.ViewDragHelper:
    private static final java.lang.String TAG
    public static final int INVALID_POINTER
    public static final int STATE_IDLE
    public static final int STATE_DRAGGING
    public static final int STATE_SETTLING
    public static final int EDGE_LEFT
    public static final int EDGE_RIGHT
    public static final int EDGE_TOP
    public static final int EDGE_BOTTOM
    public static final int EDGE_ALL
    public static final int DIRECTION_HORIZONTAL
    public static final int DIRECTION_VERTICAL
    public static final int DIRECTION_ALL
    private static final int EDGE_SIZE
    private static final int BASE_SETTLE_DURATION
    private static final int MAX_SETTLE_DURATION
    347:347:public static android.support.v4.widget.ViewDragHelper create(android.view.ViewGroup,android.support.v4.widget.ViewDragHelper$Callback)
    360:362:public static android.support.v4.widget.ViewDragHelper create(android.view.ViewGroup,float,android.support.v4.widget.ViewDragHelper$Callback)
    115:392:private ViewDragHelper(android.content.Context,android.view.ViewGroup,android.support.v4.widget.ViewDragHelper$Callback)
    401:402:public void setMinVelocity(float)
    412:412:public float getMinVelocity()
    483:483:public int getActivePointerId()
    697:708:public void flingCapturedView(int,int,int,int)
    916:935:protected boolean canScroll(android.view.View,boolean,int,int,int,int)
    1364:1370:public boolean isEdgeTouched(int)
android.support.v4.widget.ViewDragHelper$2
android.support.v4.widget.ViewDragHelper$Callback:
    148:148:public ViewDragHelper$Callback()